Determining if the pthread_create exist failed with the following output:
Change Dir: /home/toor/Desktop/atom_ws/build/atom_logic/CMakeFiles/CMakeTmp

Run Build Command:"/usr/bin/make" "cmTC_10830/fast"
/usr/bin/make -f CMakeFiles/cmTC_10830.dir/build.make CMakeFiles/cmTC_10830.dir/build
make[1]: Entering directory '/home/toor/Desktop/atom_ws/build/atom_logic/CMakeFiles/CMakeTmp'
Building C object CMakeFiles/cmTC_10830.dir/CheckSymbolExists.c.o
/usr/bin/cc    -o CMakeFiles/cmTC_10830.dir/CheckSymbolExists.c.o   -c /home/toor/Desktop/atom_ws/build/atom_logic/CMakeFiles/CMakeTmp/CheckSymbolExists.c
Linking C executable cmTC_10830
/usr/bin/cmake -E cmake_link_script CMakeFiles/cmTC_10830.dir/link.txt --verbose=1
/usr/bin/cc      CMakeFiles/cmTC_10830.dir/CheckSymbolExists.c.o  -o cmTC_10830 
CMakeFiles/cmTC_10830.dir/CheckSymbolExists.c.o: In function `main':
CheckSymbolExists.c:(.text+0x1b): undefined reference to `pthread_create'
collect2: error: ld returned 1 exit status
CMakeFiles/cmTC_10830.dir/build.make:97: recipe for target 'cmTC_10830' failed
make[1]: *** [cmTC_10830] Error 1
make[1]: Leaving directory '/home/toor/Desktop/atom_ws/build/atom_logic/CMakeFiles/CMakeTmp'
Makefile:126: recipe for target 'cmTC_10830/fast' failed
make: *** [cmTC_10830/fast] Error 2

File /home/toor/Desktop/atom_ws/build/atom_logic/CMakeFiles/CMakeTmp/CheckSymbolExists.c:
/* */
#include <pthread.h>

int main(int argc, char** argv)
{
  (void)argv;
#ifndef pthread_create
  return ((int*)(&pthread_create))[argc];
#else
  (void)argc;
  return 0;
#endif
}

Determining if the function pthread_create exists in the pthreads failed with the following output:
Change Dir: /home/toor/Desktop/atom_ws/build/atom_logic/CMakeFiles/CMakeTmp

Run Build Command:"/usr/bin/make" "cmTC_b3da1/fast"
/usr/bin/make -f CMakeFiles/cmTC_b3da1.dir/build.make CMakeFiles/cmTC_b3da1.dir/build
make[1]: Entering directory '/home/toor/Desktop/atom_ws/build/atom_logic/CMakeFiles/CMakeTmp'
Building C object CMakeFiles/cmTC_b3da1.dir/CheckFunctionExists.c.o
/usr/bin/cc   -DCHECK_FUNCTION_EXISTS=pthread_create   -o CMakeFiles/cmTC_b3da1.dir/CheckFunctionExists.c.o   -c /usr/share/cmake-3.10/Modules/CheckFunctionExists.c
Linking C executable cmTC_b3da1
/usr/bin/cmake -E cmake_link_script CMakeFiles/cmTC_b3da1.dir/link.txt --verbose=1
/usr/bin/cc  -DCHECK_FUNCTION_EXISTS=pthread_create    CMakeFiles/cmTC_b3da1.dir/CheckFunctionExists.c.o  -o cmTC_b3da1 -lpthreads 
/usr/bin/ld: cannot find -lpthreads
collect2: error: ld returned 1 exit status
CMakeFiles/cmTC_b3da1.dir/build.make:97: recipe for target 'cmTC_b3da1' failed
make[1]: *** [cmTC_b3da1] Error 1
make[1]: Leaving directory '/home/toor/Desktop/atom_ws/build/atom_logic/CMakeFiles/CMakeTmp'
Makefile:126: recipe for target 'cmTC_b3da1/fast' failed
make: *** [cmTC_b3da1/fast] Error 2


