/home/toor/Desktop/atom_ws/install/atom_inference/lib/python3.6/site-packages/atom_inference/__init__.py
/home/toor/Desktop/atom_ws/install/atom_inference/lib/python3.6/site-packages/atom_inference/inference.py
/home/toor/Desktop/atom_ws/install/atom_inference/lib/python3.6/site-packages/atom_inference/app.py
/home/toor/Desktop/atom_ws/install/atom_inference/lib/python3.6/site-packages/atom_inference/gstreamer.py
/home/toor/Desktop/atom_ws/install/atom_inference/lib/python3.6/site-packages/atom_inference/gen_wts.py
/home/toor/Desktop/atom_ws/install/atom_inference/lib/python3.6/site-packages/atom_inference/yoloDet.py
/home/toor/Desktop/atom_ws/install/atom_inference/lib/python3.6/site-packages/atom_inference/__pycache__/__init__.cpython-36.pyc
/home/toor/Desktop/atom_ws/install/atom_inference/lib/python3.6/site-packages/atom_inference/__pycache__/inference.cpython-36.pyc
/home/toor/Desktop/atom_ws/install/atom_inference/lib/python3.6/site-packages/atom_inference/__pycache__/app.cpython-36.pyc
/home/toor/Desktop/atom_ws/install/atom_inference/lib/python3.6/site-packages/atom_inference/__pycache__/gstreamer.cpython-36.pyc
/home/toor/Desktop/atom_ws/install/atom_inference/lib/python3.6/site-packages/atom_inference/__pycache__/gen_wts.cpython-36.pyc
/home/toor/Desktop/atom_ws/install/atom_inference/lib/python3.6/site-packages/atom_inference/__pycache__/yoloDet.cpython-36.pyc
/home/toor/Desktop/atom_ws/install/atom_inference/share/ament_index/resource_index/packages/atom_inference
/home/toor/Desktop/atom_ws/install/atom_inference/share/atom_inference/package.xml
/home/toor/Desktop/atom_ws/install/atom_inference/lib/python3.6/site-packages/atom_inference-0.0.0-py3.6.egg-info/top_level.txt
/home/toor/Desktop/atom_ws/install/atom_inference/lib/python3.6/site-packages/atom_inference-0.0.0-py3.6.egg-info/zip-safe
/home/toor/Desktop/atom_ws/install/atom_inference/lib/python3.6/site-packages/atom_inference-0.0.0-py3.6.egg-info/entry_points.txt
/home/toor/Desktop/atom_ws/install/atom_inference/lib/python3.6/site-packages/atom_inference-0.0.0-py3.6.egg-info/dependency_links.txt
/home/toor/Desktop/atom_ws/install/atom_inference/lib/python3.6/site-packages/atom_inference-0.0.0-py3.6.egg-info/PKG-INFO
/home/toor/Desktop/atom_ws/install/atom_inference/lib/python3.6/site-packages/atom_inference-0.0.0-py3.6.egg-info/SOURCES.txt
/home/toor/Desktop/atom_ws/install/atom_inference/lib/python3.6/site-packages/atom_inference-0.0.0-py3.6.egg-info/requires.txt
/home/toor/Desktop/atom_ws/install/atom_inference/lib/atom_inference/inference_node
