[0.290s] DEBUG:colcon:Command line arguments: ['/usr/bin/colcon', 'build']
[0.290s] DEBUG:colcon:Parsed command line arguments: Namespace(allow_overriding=[], ament_cmake_args=None, base_paths=['.'], build_base='build', catkin_cmake_args=None, catkin_skip_building_tests=False, cmake_args=None, cmake_clean_cache=False, cmake_clean_first=False, cmake_force_configure=False, cmake_target=None, cmake_target_skip_unavailable=False, continue_on_error=False, event_handlers=None, executor='parallel', ignore_user_meta=False, install_base='install', log_base=None, log_level=None, main=<bound method BuildVerb.main of <colcon_core.verb.build.BuildVerb object at 0x7fb32a9baeb8>>, merge_install=False, metas=['./colcon.meta'], packages_above=None, packages_above_and_dependencies=None, packages_above_depth=None, packages_end=None, packages_ignore=None, packages_ignore_regex=None, packages_select=None, packages_select_build_failed=False, packages_select_by_dep=None, packages_select_regex=None, packages_select_test_failures=False, packages_skip=None, packages_skip_build_finished=False, packages_skip_by_dep=None, packages_skip_regex=None, packages_skip_test_passed=False, packages_skip_up_to=None, packages_start=None, packages_up_to=None, packages_up_to_regex=None, parallel_workers=8, paths=None, symlink_install=False, test_result_base=None, verb_extension=<colcon_core.verb.build.BuildVerb object at 0x7fb32a9baeb8>, verb_name='build', verb_parser=<colcon_defaults.argument_parser.defaults.DefaultArgumentsDecorator object at 0x7fb32a9d3198>)
[0.317s] Level 1:colcon.colcon_core.package_discovery:discover_packages(colcon_meta) check parameters
[0.317s] Level 1:colcon.colcon_core.package_discovery:discover_packages(recursive) check parameters
[0.317s] Level 1:colcon.colcon_core.package_discovery:discover_packages(ignore) check parameters
[0.318s] Level 1:colcon.colcon_core.package_discovery:discover_packages(path) check parameters
[0.318s] Level 1:colcon.colcon_core.package_discovery:discover_packages(colcon_meta) discover
[0.318s] Level 1:colcon.colcon_core.package_discovery:discover_packages(recursive) discover
[0.318s] INFO:colcon.colcon_core.package_discovery:Crawling recursively for packages in '/home/toor/Desktop/atom_ws'
[0.318s] Level 1:colcon.colcon_core.package_identification:_identify(.) by extensions ['ignore', 'ignore_ament_install']
[0.318s] Level 1:colcon.colcon_core.package_identification:_identify(.) by extension 'ignore'
[0.318s] Level 1:colcon.colcon_core.package_identification:_identify(.) by extension 'ignore_ament_install'
[0.319s] Level 1:colcon.colcon_core.package_identification:_identify(.) by extensions ['colcon_pkg']
[0.319s] Level 1:colcon.colcon_core.package_identification:_identify(.) by extension 'colcon_pkg'
[0.319s] Level 1:colcon.colcon_core.package_identification:_identify(.) by extensions ['colcon_meta']
[0.319s] Level 1:colcon.colcon_core.package_identification:_identify(.) by extension 'colcon_meta'
[0.319s] Level 1:colcon.colcon_core.package_identification:_identify(.) by extensions ['ros']
[0.319s] Level 1:colcon.colcon_core.package_identification:_identify(.) by extension 'ros'
[0.332s] Level 1:colcon.colcon_core.package_identification:_identify(.) by extensions ['cmake', 'python']
[0.332s] Level 1:colcon.colcon_core.package_identification:_identify(.) by extension 'cmake'
[0.332s] Level 1:colcon.colcon_core.package_identification:_identify(.) by extension 'python'
[0.332s] Level 1:colcon.colcon_core.package_identification:_identify(.) by extensions ['python_setup_py']
[0.332s] Level 1:colcon.colcon_core.package_identification:_identify(.) by extension 'python_setup_py'
[0.332s] Level 1:colcon.colcon_core.package_identification:_identify(build) by extensions ['ignore', 'ignore_ament_install']
[0.332s] Level 1:colcon.colcon_core.package_identification:_identify(build) by extension 'ignore'
[0.332s] Level 1:colcon.colcon_core.package_identification:_identify(build) ignored
[0.333s] Level 1:colcon.colcon_core.package_identification:_identify(install) by extensions ['ignore', 'ignore_ament_install']
[0.333s] Level 1:colcon.colcon_core.package_identification:_identify(install) by extension 'ignore'
[0.333s] Level 1:colcon.colcon_core.package_identification:_identify(install) ignored
[0.333s] Level 1:colcon.colcon_core.package_identification:_identify(log) by extensions ['ignore', 'ignore_ament_install']
[0.333s] Level 1:colcon.colcon_core.package_identification:_identify(log) by extension 'ignore'
[0.333s] Level 1:colcon.colcon_core.package_identification:_identify(log) ignored
[0.333s] Level 1:colcon.colcon_core.package_identification:_identify(src) by extensions ['ignore', 'ignore_ament_install']
[0.333s] Level 1:colcon.colcon_core.package_identification:_identify(src) by extension 'ignore'
[0.333s] Level 1:colcon.colcon_core.package_identification:_identify(src) by extension 'ignore_ament_install'
[0.333s] Level 1:colcon.colcon_core.package_identification:_identify(src) by extensions ['colcon_pkg']
[0.333s] Level 1:colcon.colcon_core.package_identification:_identify(src) by extension 'colcon_pkg'
[0.333s] Level 1:colcon.colcon_core.package_identification:_identify(src) by extensions ['colcon_meta']
[0.333s] Level 1:colcon.colcon_core.package_identification:_identify(src) by extension 'colcon_meta'
[0.333s] Level 1:colcon.colcon_core.package_identification:_identify(src) by extensions ['ros']
[0.333s] Level 1:colcon.colcon_core.package_identification:_identify(src) by extension 'ros'
[0.333s] Level 1:colcon.colcon_core.package_identification:_identify(src) by extensions ['cmake', 'python']
[0.333s] Level 1:colcon.colcon_core.package_identification:_identify(src) by extension 'cmake'
[0.333s] Level 1:colcon.colcon_core.package_identification:_identify(src) by extension 'python'
[0.333s] Level 1:colcon.colcon_core.package_identification:_identify(src) by extensions ['python_setup_py']
[0.334s] Level 1:colcon.colcon_core.package_identification:_identify(src) by extension 'python_setup_py'
[0.334s] Level 1:colcon.colcon_core.package_identification:_identify(src/atom_communication) by extensions ['ignore', 'ignore_ament_install']
[0.334s] Level 1:colcon.colcon_core.package_identification:_identify(src/atom_communication) by extension 'ignore'
[0.334s] Level 1:colcon.colcon_core.package_identification:_identify(src/atom_communication) by extension 'ignore_ament_install'
[0.334s] Level 1:colcon.colcon_core.package_identification:_identify(src/atom_communication) by extensions ['colcon_pkg']
[0.334s] Level 1:colcon.colcon_core.package_identification:_identify(src/atom_communication) by extension 'colcon_pkg'
[0.334s] Level 1:colcon.colcon_core.package_identification:_identify(src/atom_communication) by extensions ['colcon_meta']
[0.334s] Level 1:colcon.colcon_core.package_identification:_identify(src/atom_communication) by extension 'colcon_meta'
[0.334s] Level 1:colcon.colcon_core.package_identification:_identify(src/atom_communication) by extensions ['ros']
[0.334s] Level 1:colcon.colcon_core.package_identification:_identify(src/atom_communication) by extension 'ros'
[0.337s] DEBUG:colcon.colcon_core.package_identification:Package 'src/atom_communication' with type 'ros.ament_python' and name 'atom_communication'
[0.337s] Level 1:colcon.colcon_core.package_identification:_identify(src/atom_inference) by extensions ['ignore', 'ignore_ament_install']
[0.337s] Level 1:colcon.colcon_core.package_identification:_identify(src/atom_inference) by extension 'ignore'
[0.337s] Level 1:colcon.colcon_core.package_identification:_identify(src/atom_inference) by extension 'ignore_ament_install'
[0.337s] Level 1:colcon.colcon_core.package_identification:_identify(src/atom_inference) by extensions ['colcon_pkg']
[0.337s] Level 1:colcon.colcon_core.package_identification:_identify(src/atom_inference) by extension 'colcon_pkg'
[0.337s] Level 1:colcon.colcon_core.package_identification:_identify(src/atom_inference) by extensions ['colcon_meta']
[0.337s] Level 1:colcon.colcon_core.package_identification:_identify(src/atom_inference) by extension 'colcon_meta'
[0.338s] Level 1:colcon.colcon_core.package_identification:_identify(src/atom_inference) by extensions ['ros']
[0.338s] Level 1:colcon.colcon_core.package_identification:_identify(src/atom_inference) by extension 'ros'
[0.338s] DEBUG:colcon.colcon_core.package_identification:Package 'src/atom_inference' with type 'ros.ament_python' and name 'atom_inference'
[0.338s] Level 1:colcon.colcon_core.package_identification:_identify(src/atom_test) by extensions ['ignore', 'ignore_ament_install']
[0.338s] Level 1:colcon.colcon_core.package_identification:_identify(src/atom_test) by extension 'ignore'
[0.338s] Level 1:colcon.colcon_core.package_identification:_identify(src/atom_test) by extension 'ignore_ament_install'
[0.338s] Level 1:colcon.colcon_core.package_identification:_identify(src/atom_test) by extensions ['colcon_pkg']
[0.338s] Level 1:colcon.colcon_core.package_identification:_identify(src/atom_test) by extension 'colcon_pkg'
[0.339s] Level 1:colcon.colcon_core.package_identification:_identify(src/atom_test) by extensions ['colcon_meta']
[0.339s] Level 1:colcon.colcon_core.package_identification:_identify(src/atom_test) by extension 'colcon_meta'
[0.339s] Level 1:colcon.colcon_core.package_identification:_identify(src/atom_test) by extensions ['ros']
[0.339s] Level 1:colcon.colcon_core.package_identification:_identify(src/atom_test) by extension 'ros'
[0.339s] DEBUG:colcon.colcon_core.package_identification:Package 'src/atom_test' with type 'ros.ament_python' and name 'atom_test'
[0.339s] Level 1:colcon.colcon_core.package_discovery:discover_packages(recursive) using defaults
[0.339s] Level 1:colcon.colcon_core.package_discovery:discover_packages(ignore) discover
[0.339s] Level 1:colcon.colcon_core.package_discovery:discover_packages(ignore) using defaults
[0.339s] Level 1:colcon.colcon_core.package_discovery:discover_packages(path) discover
[0.340s] Level 1:colcon.colcon_core.package_discovery:discover_packages(path) using defaults
[0.361s] Level 1:colcon.colcon_core.package_discovery:discover_packages(prefix_path) check parameters
[0.361s] Level 1:colcon.colcon_core.package_discovery:discover_packages(prefix_path) discover
[0.365s] DEBUG:colcon.colcon_installed_package_information.package_discovery:Found 215 installed packages in /opt/ros/dashing
[0.385s] Level 1:colcon.colcon_core.package_discovery:discover_packages(prefix_path) using defaults
[0.443s] Level 5:colcon.colcon_core.verb:set package 'atom_communication' build argument 'cmake_args' from command line to 'None'
[0.443s] Level 5:colcon.colcon_core.verb:set package 'atom_communication' build argument 'cmake_target' from command line to 'None'
[0.444s] Level 5:colcon.colcon_core.verb:set package 'atom_communication' build argument 'cmake_target_skip_unavailable' from command line to 'False'
[0.444s] Level 5:colcon.colcon_core.verb:set package 'atom_communication' build argument 'cmake_clean_cache' from command line to 'False'
[0.444s] Level 5:colcon.colcon_core.verb:set package 'atom_communication' build argument 'cmake_clean_first' from command line to 'False'
[0.444s] Level 5:colcon.colcon_core.verb:set package 'atom_communication' build argument 'cmake_force_configure' from command line to 'False'
[0.444s] Level 5:colcon.colcon_core.verb:set package 'atom_communication' build argument 'ament_cmake_args' from command line to 'None'
[0.444s] Level 5:colcon.colcon_core.verb:set package 'atom_communication' build argument 'catkin_cmake_args' from command line to 'None'
[0.444s] Level 5:colcon.colcon_core.verb:set package 'atom_communication' build argument 'catkin_skip_building_tests' from command line to 'False'
[0.444s] DEBUG:colcon.colcon_core.verb:Building package 'atom_communication' with the following arguments: {'ament_cmake_args': None, 'build_base': '/home/toor/Desktop/atom_ws/build/atom_communication', 'catkin_cmake_args': None, 'catkin_skip_building_tests': False, 'cmake_args': None, 'cmake_clean_cache': False, 'cmake_clean_first': False, 'cmake_force_configure': False, 'cmake_target': None, 'cmake_target_skip_unavailable': False, 'install_base': '/home/toor/Desktop/atom_ws/install/atom_communication', 'merge_install': False, 'path': '/home/toor/Desktop/atom_ws/src/atom_communication', 'symlink_install': False, 'test_result_base': None}
[0.444s] Level 5:colcon.colcon_core.verb:set package 'atom_inference' build argument 'cmake_args' from command line to 'None'
[0.444s] Level 5:colcon.colcon_core.verb:set package 'atom_inference' build argument 'cmake_target' from command line to 'None'
[0.444s] Level 5:colcon.colcon_core.verb:set package 'atom_inference' build argument 'cmake_target_skip_unavailable' from command line to 'False'
[0.444s] Level 5:colcon.colcon_core.verb:set package 'atom_inference' build argument 'cmake_clean_cache' from command line to 'False'
[0.444s] Level 5:colcon.colcon_core.verb:set package 'atom_inference' build argument 'cmake_clean_first' from command line to 'False'
[0.444s] Level 5:colcon.colcon_core.verb:set package 'atom_inference' build argument 'cmake_force_configure' from command line to 'False'
[0.444s] Level 5:colcon.colcon_core.verb:set package 'atom_inference' build argument 'ament_cmake_args' from command line to 'None'
[0.444s] Level 5:colcon.colcon_core.verb:set package 'atom_inference' build argument 'catkin_cmake_args' from command line to 'None'
[0.445s] Level 5:colcon.colcon_core.verb:set package 'atom_inference' build argument 'catkin_skip_building_tests' from command line to 'False'
[0.445s] DEBUG:colcon.colcon_core.verb:Building package 'atom_inference' with the following arguments: {'ament_cmake_args': None, 'build_base': '/home/toor/Desktop/atom_ws/build/atom_inference', 'catkin_cmake_args': None, 'catkin_skip_building_tests': False, 'cmake_args': None, 'cmake_clean_cache': False, 'cmake_clean_first': False, 'cmake_force_configure': False, 'cmake_target': None, 'cmake_target_skip_unavailable': False, 'install_base': '/home/toor/Desktop/atom_ws/install/atom_inference', 'merge_install': False, 'path': '/home/toor/Desktop/atom_ws/src/atom_inference', 'symlink_install': False, 'test_result_base': None}
[0.445s] Level 5:colcon.colcon_core.verb:set package 'atom_test' build argument 'cmake_args' from command line to 'None'
[0.445s] Level 5:colcon.colcon_core.verb:set package 'atom_test' build argument 'cmake_target' from command line to 'None'
[0.445s] Level 5:colcon.colcon_core.verb:set package 'atom_test' build argument 'cmake_target_skip_unavailable' from command line to 'False'
[0.445s] Level 5:colcon.colcon_core.verb:set package 'atom_test' build argument 'cmake_clean_cache' from command line to 'False'
[0.445s] Level 5:colcon.colcon_core.verb:set package 'atom_test' build argument 'cmake_clean_first' from command line to 'False'
[0.445s] Level 5:colcon.colcon_core.verb:set package 'atom_test' build argument 'cmake_force_configure' from command line to 'False'
[0.445s] Level 5:colcon.colcon_core.verb:set package 'atom_test' build argument 'ament_cmake_args' from command line to 'None'
[0.445s] Level 5:colcon.colcon_core.verb:set package 'atom_test' build argument 'catkin_cmake_args' from command line to 'None'
[0.445s] Level 5:colcon.colcon_core.verb:set package 'atom_test' build argument 'catkin_skip_building_tests' from command line to 'False'
[0.445s] DEBUG:colcon.colcon_core.verb:Building package 'atom_test' with the following arguments: {'ament_cmake_args': None, 'build_base': '/home/toor/Desktop/atom_ws/build/atom_test', 'catkin_cmake_args': None, 'catkin_skip_building_tests': False, 'cmake_args': None, 'cmake_clean_cache': False, 'cmake_clean_first': False, 'cmake_force_configure': False, 'cmake_target': None, 'cmake_target_skip_unavailable': False, 'install_base': '/home/toor/Desktop/atom_ws/install/atom_test', 'merge_install': False, 'path': '/home/toor/Desktop/atom_ws/src/atom_test', 'symlink_install': False, 'test_result_base': None}
[0.446s] INFO:colcon.colcon_core.executor:Executing jobs using 'parallel' executor
[0.447s] DEBUG:colcon.colcon_parallel_executor.executor.parallel:run_until_complete
[0.447s] INFO:colcon.colcon_ros.task.ament_python.build:Building ROS package in '/home/toor/Desktop/atom_ws/src/atom_communication' with build type 'ament_python'
[0.447s] Level 1:colcon.colcon_core.shell:create_environment_hook('atom_communication', 'ament_prefix_path')
[0.450s] INFO:colcon.colcon_core.plugin_system:Skipping extension 'colcon_core.shell.bat': Not used on non-Windows systems
[0.451s] INFO:colcon.colcon_core.shell:Creating environment hook '/home/toor/Desktop/atom_ws/install/atom_communication/share/atom_communication/hook/ament_prefix_path.ps1'
[0.451s] INFO:colcon.colcon_core.shell:Creating environment descriptor '/home/toor/Desktop/atom_ws/install/atom_communication/share/atom_communication/hook/ament_prefix_path.dsv'
[0.452s] INFO:colcon.colcon_core.shell:Creating environment hook '/home/toor/Desktop/atom_ws/install/atom_communication/share/atom_communication/hook/ament_prefix_path.sh'
[0.453s] INFO:colcon.colcon_core.shell:Skip shell extension 'powershell' for command environment: Not usable outside of PowerShell
[0.453s] DEBUG:colcon.colcon_core.shell:Skip shell extension 'dsv' for command environment
[0.456s] INFO:colcon.colcon_ros.task.ament_python.build:Building ROS package in '/home/toor/Desktop/atom_ws/src/atom_inference' with build type 'ament_python'
[0.456s] Level 1:colcon.colcon_core.shell:create_environment_hook('atom_inference', 'ament_prefix_path')
[0.457s] INFO:colcon.colcon_core.shell:Creating environment hook '/home/toor/Desktop/atom_ws/install/atom_inference/share/atom_inference/hook/ament_prefix_path.ps1'
[0.458s] INFO:colcon.colcon_core.shell:Creating environment descriptor '/home/toor/Desktop/atom_ws/install/atom_inference/share/atom_inference/hook/ament_prefix_path.dsv'
[0.458s] INFO:colcon.colcon_core.shell:Creating environment hook '/home/toor/Desktop/atom_ws/install/atom_inference/share/atom_inference/hook/ament_prefix_path.sh'
[0.458s] INFO:colcon.colcon_core.shell:Skip shell extension 'powershell' for command environment: Not usable outside of PowerShell
[0.459s] DEBUG:colcon.colcon_core.shell:Skip shell extension 'dsv' for command environment
[0.462s] INFO:colcon.colcon_ros.task.ament_python.build:Building ROS package in '/home/toor/Desktop/atom_ws/src/atom_test' with build type 'ament_python'
[0.462s] Level 1:colcon.colcon_core.shell:create_environment_hook('atom_test', 'ament_prefix_path')
[0.463s] INFO:colcon.colcon_core.shell:Creating environment hook '/home/toor/Desktop/atom_ws/install/atom_test/share/atom_test/hook/ament_prefix_path.ps1'
[0.463s] INFO:colcon.colcon_core.shell:Creating environment descriptor '/home/toor/Desktop/atom_ws/install/atom_test/share/atom_test/hook/ament_prefix_path.dsv'
[0.464s] INFO:colcon.colcon_core.shell:Creating environment hook '/home/toor/Desktop/atom_ws/install/atom_test/share/atom_test/hook/ament_prefix_path.sh'
[0.464s] INFO:colcon.colcon_core.shell:Skip shell extension 'powershell' for command environment: Not usable outside of PowerShell
[0.464s] DEBUG:colcon.colcon_core.shell:Skip shell extension 'dsv' for command environment
[0.652s] INFO:colcon.colcon_core.task.python.build:Building Python package in '/home/toor/Desktop/atom_ws/src/atom_communication'
[0.654s] INFO:colcon.colcon_core.shell:Skip shell extension 'powershell' for command environment: Not usable outside of PowerShell
[0.656s] DEBUG:colcon.colcon_core.shell:Skip shell extension 'dsv' for command environment
[0.847s] INFO:colcon.colcon_core.task.python.build:Building Python package in '/home/toor/Desktop/atom_ws/src/atom_inference'
[0.848s] INFO:colcon.colcon_core.shell:Skip shell extension 'powershell' for command environment: Not usable outside of PowerShell
[0.848s] DEBUG:colcon.colcon_core.shell:Skip shell extension 'dsv' for command environment
[1.047s] INFO:colcon.colcon_core.task.python.build:Building Python package in '/home/toor/Desktop/atom_ws/src/atom_test'
[1.048s] INFO:colcon.colcon_core.shell:Skip shell extension 'powershell' for command environment: Not usable outside of PowerShell
[1.048s] DEBUG:colcon.colcon_core.shell:Skip shell extension 'dsv' for command environment
[1.393s] DEBUG:colcon.colcon_core.event_handler.log_command:Invoking command in '/home/toor/Desktop/atom_ws/src/atom_test': PYTHONPATH=/home/toor/Desktop/atom_ws/build/atom_test/prefix_override:/home/toor/Desktop/atom_ws/install/atom_test/lib/python3.6/site-packages:${PYTHONPATH} /usr/bin/python3 setup.py egg_info --egg-base ../../build/atom_test build --build-base /home/toor/Desktop/atom_ws/build/atom_test/build install --record /home/toor/Desktop/atom_ws/build/atom_test/install.log --single-version-externally-managed
[1.409s] DEBUG:colcon.colcon_core.event_handler.log_command:Invoking command in '/home/toor/Desktop/atom_ws/src/atom_inference': PYTHONPATH=/home/toor/Desktop/atom_ws/build/atom_inference/prefix_override:/home/toor/Desktop/atom_ws/install/atom_inference/lib/python3.6/site-packages:${PYTHONPATH} /usr/bin/python3 setup.py egg_info --egg-base ../../build/atom_inference build --build-base /home/toor/Desktop/atom_ws/build/atom_inference/build install --record /home/toor/Desktop/atom_ws/build/atom_inference/install.log --install-scripts $base/lib/atom_inference --single-version-externally-managed
[1.414s] DEBUG:colcon.colcon_core.event_handler.log_command:Invoking command in '/home/toor/Desktop/atom_ws/src/atom_communication': PYTHONPATH=/home/toor/Desktop/atom_ws/build/atom_communication/prefix_override:/home/toor/Desktop/atom_ws/install/atom_communication/lib/python3.6/site-packages:${PYTHONPATH} /usr/bin/python3 setup.py egg_info --egg-base ../../build/atom_communication build --build-base /home/toor/Desktop/atom_ws/build/atom_communication/build install --record /home/toor/Desktop/atom_ws/build/atom_communication/install.log --single-version-externally-managed
[1.682s] DEBUG:colcon.colcon_core.event_handler.log_command:Invoked command in '/home/toor/Desktop/atom_ws/src/atom_inference' returned '0': PYTHONPATH=/home/toor/Desktop/atom_ws/build/atom_inference/prefix_override:/home/toor/Desktop/atom_ws/install/atom_inference/lib/python3.6/site-packages:${PYTHONPATH} /usr/bin/python3 setup.py egg_info --egg-base ../../build/atom_inference build --build-base /home/toor/Desktop/atom_ws/build/atom_inference/build install --record /home/toor/Desktop/atom_ws/build/atom_inference/install.log --install-scripts $base/lib/atom_inference --single-version-externally-managed
[1.689s] Level 1:colcon.colcon_core.environment:checking '/home/toor/Desktop/atom_ws/install/atom_inference' for CMake module files
[1.689s] Level 1:colcon.colcon_core.environment:checking '/home/toor/Desktop/atom_ws/install/atom_inference' for CMake config files
[1.690s] Level 1:colcon.colcon_core.environment:checking '/home/toor/Desktop/atom_ws/install/atom_inference/lib'
[1.690s] Level 1:colcon.colcon_core.environment:checking '/home/toor/Desktop/atom_ws/install/atom_inference/bin'
[1.690s] Level 1:colcon.colcon_core.environment:checking '/home/toor/Desktop/atom_ws/install/atom_inference/lib/pkgconfig/atom_inference.pc'
[1.691s] Level 1:colcon.colcon_core.environment:checking '/home/toor/Desktop/atom_ws/install/atom_inference/lib/python3.6/site-packages'
[1.691s] Level 1:colcon.colcon_core.shell:create_environment_hook('atom_inference', 'pythonpath')
[1.691s] INFO:colcon.colcon_core.shell:Creating environment hook '/home/toor/Desktop/atom_ws/install/atom_inference/share/atom_inference/hook/pythonpath.ps1'
[1.692s] INFO:colcon.colcon_core.shell:Creating environment descriptor '/home/toor/Desktop/atom_ws/install/atom_inference/share/atom_inference/hook/pythonpath.dsv'
[1.692s] INFO:colcon.colcon_core.shell:Creating environment hook '/home/toor/Desktop/atom_ws/install/atom_inference/share/atom_inference/hook/pythonpath.sh'
[1.692s] Level 1:colcon.colcon_core.environment:checking '/home/toor/Desktop/atom_ws/install/atom_inference/bin'
[1.693s] Level 1:colcon.colcon_core.environment:create_environment_scripts_only(atom_inference)
[1.693s] INFO:colcon.colcon_core.shell:Creating package script '/home/toor/Desktop/atom_ws/install/atom_inference/share/atom_inference/package.ps1'
[1.694s] INFO:colcon.colcon_core.shell:Creating package descriptor '/home/toor/Desktop/atom_ws/install/atom_inference/share/atom_inference/package.dsv'
[1.695s] INFO:colcon.colcon_core.shell:Creating package script '/home/toor/Desktop/atom_ws/install/atom_inference/share/atom_inference/package.sh'
[1.696s] INFO:colcon.colcon_core.shell:Creating package script '/home/toor/Desktop/atom_ws/install/atom_inference/share/atom_inference/package.bash'
[1.696s] INFO:colcon.colcon_core.shell:Creating package script '/home/toor/Desktop/atom_ws/install/atom_inference/share/atom_inference/package.zsh'
[1.697s] Level 1:colcon.colcon_core.environment:create_file_with_runtime_dependencies(/home/toor/Desktop/atom_ws/install/atom_inference/share/colcon-core/packages/atom_inference)
[1.698s] Level 1:colcon.colcon_core.environment:checking '/home/toor/Desktop/atom_ws/install/atom_test' for CMake module files
[1.699s] DEBUG:colcon.colcon_core.event_handler.log_command:Invoked command in '/home/toor/Desktop/atom_ws/src/atom_test' returned '0': PYTHONPATH=/home/toor/Desktop/atom_ws/build/atom_test/prefix_override:/home/toor/Desktop/atom_ws/install/atom_test/lib/python3.6/site-packages:${PYTHONPATH} /usr/bin/python3 setup.py egg_info --egg-base ../../build/atom_test build --build-base /home/toor/Desktop/atom_ws/build/atom_test/build install --record /home/toor/Desktop/atom_ws/build/atom_test/install.log --single-version-externally-managed
[1.699s] Level 1:colcon.colcon_core.environment:checking '/home/toor/Desktop/atom_ws/install/atom_test' for CMake config files
[1.700s] Level 1:colcon.colcon_core.environment:checking '/home/toor/Desktop/atom_ws/install/atom_test/lib'
[1.700s] Level 1:colcon.colcon_core.environment:checking '/home/toor/Desktop/atom_ws/install/atom_test/bin'
[1.700s] Level 1:colcon.colcon_core.environment:checking '/home/toor/Desktop/atom_ws/install/atom_test/lib/pkgconfig/atom_test.pc'
[1.700s] Level 1:colcon.colcon_core.environment:checking '/home/toor/Desktop/atom_ws/install/atom_test/lib/python3.6/site-packages'
[1.700s] Level 1:colcon.colcon_core.shell:create_environment_hook('atom_test', 'pythonpath')
[1.701s] INFO:colcon.colcon_core.shell:Creating environment hook '/home/toor/Desktop/atom_ws/install/atom_test/share/atom_test/hook/pythonpath.ps1'
[1.701s] INFO:colcon.colcon_core.shell:Creating environment descriptor '/home/toor/Desktop/atom_ws/install/atom_test/share/atom_test/hook/pythonpath.dsv'
[1.701s] INFO:colcon.colcon_core.shell:Creating environment hook '/home/toor/Desktop/atom_ws/install/atom_test/share/atom_test/hook/pythonpath.sh'
[1.702s] Level 1:colcon.colcon_core.environment:checking '/home/toor/Desktop/atom_ws/install/atom_test/bin'
[1.702s] Level 1:colcon.colcon_core.environment:create_environment_scripts_only(atom_test)
[1.702s] INFO:colcon.colcon_core.shell:Creating package script '/home/toor/Desktop/atom_ws/install/atom_test/share/atom_test/package.ps1'
[1.702s] INFO:colcon.colcon_core.shell:Creating package descriptor '/home/toor/Desktop/atom_ws/install/atom_test/share/atom_test/package.dsv'
[1.703s] INFO:colcon.colcon_core.shell:Creating package script '/home/toor/Desktop/atom_ws/install/atom_test/share/atom_test/package.sh'
[1.703s] INFO:colcon.colcon_core.shell:Creating package script '/home/toor/Desktop/atom_ws/install/atom_test/share/atom_test/package.bash'
[1.703s] INFO:colcon.colcon_core.shell:Creating package script '/home/toor/Desktop/atom_ws/install/atom_test/share/atom_test/package.zsh'
[1.704s] Level 1:colcon.colcon_core.environment:create_file_with_runtime_dependencies(/home/toor/Desktop/atom_ws/install/atom_test/share/colcon-core/packages/atom_test)
[1.705s] Level 1:colcon.colcon_core.environment:checking '/home/toor/Desktop/atom_ws/install/atom_communication' for CMake module files
[1.705s] DEBUG:colcon.colcon_core.event_handler.log_command:Invoked command in '/home/toor/Desktop/atom_ws/src/atom_communication' returned '0': PYTHONPATH=/home/toor/Desktop/atom_ws/build/atom_communication/prefix_override:/home/toor/Desktop/atom_ws/install/atom_communication/lib/python3.6/site-packages:${PYTHONPATH} /usr/bin/python3 setup.py egg_info --egg-base ../../build/atom_communication build --build-base /home/toor/Desktop/atom_ws/build/atom_communication/build install --record /home/toor/Desktop/atom_ws/build/atom_communication/install.log --single-version-externally-managed
[1.705s] Level 1:colcon.colcon_core.environment:checking '/home/toor/Desktop/atom_ws/install/atom_communication' for CMake config files
[1.706s] Level 1:colcon.colcon_core.environment:checking '/home/toor/Desktop/atom_ws/install/atom_communication/lib'
[1.706s] Level 1:colcon.colcon_core.environment:checking '/home/toor/Desktop/atom_ws/install/atom_communication/bin'
[1.706s] Level 1:colcon.colcon_core.environment:checking '/home/toor/Desktop/atom_ws/install/atom_communication/lib/pkgconfig/atom_communication.pc'
[1.706s] Level 1:colcon.colcon_core.environment:checking '/home/toor/Desktop/atom_ws/install/atom_communication/lib/python3.6/site-packages'
[1.706s] Level 1:colcon.colcon_core.shell:create_environment_hook('atom_communication', 'pythonpath')
[1.707s] INFO:colcon.colcon_core.shell:Creating environment hook '/home/toor/Desktop/atom_ws/install/atom_communication/share/atom_communication/hook/pythonpath.ps1'
[1.707s] INFO:colcon.colcon_core.shell:Creating environment descriptor '/home/toor/Desktop/atom_ws/install/atom_communication/share/atom_communication/hook/pythonpath.dsv'
[1.707s] INFO:colcon.colcon_core.shell:Creating environment hook '/home/toor/Desktop/atom_ws/install/atom_communication/share/atom_communication/hook/pythonpath.sh'
[1.708s] Level 1:colcon.colcon_core.environment:checking '/home/toor/Desktop/atom_ws/install/atom_communication/bin'
[1.708s] Level 1:colcon.colcon_core.environment:create_environment_scripts_only(atom_communication)
[1.708s] INFO:colcon.colcon_core.shell:Creating package script '/home/toor/Desktop/atom_ws/install/atom_communication/share/atom_communication/package.ps1'
[1.708s] INFO:colcon.colcon_core.shell:Creating package descriptor '/home/toor/Desktop/atom_ws/install/atom_communication/share/atom_communication/package.dsv'
[1.709s] INFO:colcon.colcon_core.shell:Creating package script '/home/toor/Desktop/atom_ws/install/atom_communication/share/atom_communication/package.sh'
[1.709s] INFO:colcon.colcon_core.shell:Creating package script '/home/toor/Desktop/atom_ws/install/atom_communication/share/atom_communication/package.bash'
[1.709s] INFO:colcon.colcon_core.shell:Creating package script '/home/toor/Desktop/atom_ws/install/atom_communication/share/atom_communication/package.zsh'
[1.709s] Level 1:colcon.colcon_core.environment:create_file_with_runtime_dependencies(/home/toor/Desktop/atom_ws/install/atom_communication/share/colcon-core/packages/atom_communication)
[1.710s] DEBUG:colcon.colcon_parallel_executor.executor.parallel:closing loop
[1.710s] DEBUG:colcon.colcon_parallel_executor.executor.parallel:loop closed
[1.711s] DEBUG:colcon.colcon_parallel_executor.executor.parallel:run_until_complete finished with '0'
[1.711s] DEBUG:colcon.colcon_core.event_reactor:joining thread
[1.716s] INFO:colcon.colcon_core.plugin_system:Skipping extension 'colcon_notification.desktop_notification.terminal_notifier': Not used on non-Darwin systems
[1.717s] INFO:colcon.colcon_core.plugin_system:Skipping extension 'colcon_notification.desktop_notification.win32': Not used on non-Windows systems
[1.717s] INFO:colcon.colcon_notification.desktop_notification:Sending desktop notification using 'notify2'
[1.719s] DEBUG:colcon.colcon_core.event_reactor:joined thread
[1.719s] INFO:colcon.colcon_core.shell:Creating prefix script '/home/toor/Desktop/atom_ws/install/local_setup.ps1'
[1.720s] INFO:colcon.colcon_core.shell:Creating prefix util module '/home/toor/Desktop/atom_ws/install/_local_setup_util_ps1.py'
[1.722s] INFO:colcon.colcon_core.shell:Creating prefix chain script '/home/toor/Desktop/atom_ws/install/setup.ps1'
[1.724s] INFO:colcon.colcon_core.shell:Creating prefix script '/home/toor/Desktop/atom_ws/install/local_setup.sh'
[1.726s] INFO:colcon.colcon_core.shell:Creating prefix util module '/home/toor/Desktop/atom_ws/install/_local_setup_util_sh.py'
[1.726s] INFO:colcon.colcon_core.shell:Creating prefix chain script '/home/toor/Desktop/atom_ws/install/setup.sh'
[1.727s] INFO:colcon.colcon_core.shell:Creating prefix script '/home/toor/Desktop/atom_ws/install/local_setup.bash'
[1.728s] INFO:colcon.colcon_core.shell:Creating prefix chain script '/home/toor/Desktop/atom_ws/install/setup.bash'
[1.730s] INFO:colcon.colcon_core.shell:Creating prefix script '/home/toor/Desktop/atom_ws/install/local_setup.zsh'
[1.731s] INFO:colcon.colcon_core.shell:Creating prefix chain script '/home/toor/Desktop/atom_ws/install/setup.zsh'
