[0.949s] Invoking command in '/home/toor/Desktop/atom_ws/src/atom_communication': PYTHONPATH=/home/toor/Desktop/atom_ws/build/atom_communication/prefix_override:/home/toor/Desktop/atom_ws/install/atom_communication/lib/python3.6/site-packages:${PYTHONPATH} /usr/bin/python3 setup.py egg_info --egg-base ../../build/atom_communication build --build-base /home/toor/Desktop/atom_ws/build/atom_communication/build install --record /home/toor/Desktop/atom_ws/build/atom_communication/install.log --single-version-externally-managed
[1.130s] running egg_info
[1.131s] writing ../../build/atom_communication/atom_communication.egg-info/PKG-INFO
[1.131s] writing dependency_links to ../../build/atom_communication/atom_communication.egg-info/dependency_links.txt
[1.132s] writing entry points to ../../build/atom_communication/atom_communication.egg-info/entry_points.txt
[1.132s] writing requirements to ../../build/atom_communication/atom_communication.egg-info/requires.txt
[1.132s] writing top-level names to ../../build/atom_communication/atom_communication.egg-info/top_level.txt
[1.167s] reading manifest file '../../build/atom_communication/atom_communication.egg-info/SOURCES.txt'
[1.168s] writing manifest file '../../build/atom_communication/atom_communication.egg-info/SOURCES.txt'
[1.168s] running build
[1.168s] running build_py
[1.168s] running install
[1.168s] running install_lib
[1.169s] running install_data
[1.169s] running install_egg_info
[1.171s] removing '/home/toor/Desktop/atom_ws/install/atom_communication/lib/python3.6/site-packages/atom_communication-0.0.0-py3.6.egg-info' (and everything under it)
[1.171s] Copying ../../build/atom_communication/atom_communication.egg-info to /home/toor/Desktop/atom_ws/install/atom_communication/lib/python3.6/site-packages/atom_communication-0.0.0-py3.6.egg-info
[1.172s] running install_scripts
[1.188s] Installing tcp_servernode script to /home/toor/Desktop/atom_ws/install/atom_communication/lib/atom_communication
[1.189s] writing list of installed files to '/home/toor/Desktop/atom_ws/build/atom_communication/install.log'
[1.223s] Invoked command in '/home/toor/Desktop/atom_ws/src/atom_communication' returned '0': PYTHONPATH=/home/toor/Desktop/atom_ws/build/atom_communication/prefix_override:/home/toor/Desktop/atom_ws/install/atom_communication/lib/python3.6/site-packages:${PYTHONPATH} /usr/bin/python3 setup.py egg_info --egg-base ../../build/atom_communication build --build-base /home/toor/Desktop/atom_ws/build/atom_communication/build install --record /home/toor/Desktop/atom_ws/build/atom_communication/install.log --single-version-externally-managed
