running egg_info
creating ../../build/atom_communication/atom_communication.egg-info
writing ../../build/atom_communication/atom_communication.egg-info/PKG-INFO
writing dependency_links to ../../build/atom_communication/atom_communication.egg-info/dependency_links.txt
writing entry points to ../../build/atom_communication/atom_communication.egg-info/entry_points.txt
writing requirements to ../../build/atom_communication/atom_communication.egg-info/requires.txt
writing top-level names to ../../build/atom_communication/atom_communication.egg-info/top_level.txt
writing manifest file '../../build/atom_communication/atom_communication.egg-info/SOURCES.txt'
reading manifest file '../../build/atom_communication/atom_communication.egg-info/SOURCES.txt'
writing manifest file '../../build/atom_communication/atom_communication.egg-info/SOURCES.txt'
running build
running build_py
creating /home/toor/Desktop/atom_ws/build/atom_communication/build
creating /home/toor/Desktop/atom_ws/build/atom_communication/build/lib
creating /home/toor/Desktop/atom_ws/build/atom_communication/build/lib/atom_communication
copying atom_communication/tcp_servernode.py -> /home/toor/Desktop/atom_ws/build/atom_communication/build/lib/atom_communication
copying atom_communication/__init__.py -> /home/toor/Desktop/atom_ws/build/atom_communication/build/lib/atom_communication
running install
running install_lib
creating /home/toor/Desktop/atom_ws/install/atom_communication/lib/python3.6/site-packages/atom_communication
copying /home/toor/Desktop/atom_ws/build/atom_communication/build/lib/atom_communication/tcp_servernode.py -> /home/toor/Desktop/atom_ws/install/atom_communication/lib/python3.6/site-packages/atom_communication
copying /home/toor/Desktop/atom_ws/build/atom_communication/build/lib/atom_communication/__init__.py -> /home/toor/Desktop/atom_ws/install/atom_communication/lib/python3.6/site-packages/atom_communication
byte-compiling /home/toor/Desktop/atom_ws/install/atom_communication/lib/python3.6/site-packages/atom_communication/tcp_servernode.py to tcp_servernode.cpython-36.pyc
byte-compiling /home/toor/Desktop/atom_ws/install/atom_communication/lib/python3.6/site-packages/atom_communication/__init__.py to __init__.cpython-36.pyc
running install_data
creating /home/toor/Desktop/atom_ws/install/atom_communication/share/ament_index
creating /home/toor/Desktop/atom_ws/install/atom_communication/share/ament_index/resource_index
creating /home/toor/Desktop/atom_ws/install/atom_communication/share/ament_index/resource_index/packages
copying resource/atom_communication -> /home/toor/Desktop/atom_ws/install/atom_communication/share/ament_index/resource_index/packages
copying package.xml -> /home/toor/Desktop/atom_ws/install/atom_communication/share/atom_communication
running install_egg_info
Copying ../../build/atom_communication/atom_communication.egg-info to /home/toor/Desktop/atom_ws/install/atom_communication/lib/python3.6/site-packages/atom_communication-0.0.0-py3.6.egg-info
running install_scripts
Installing tcp_servernode script to /home/toor/Desktop/atom_ws/install/atom_communication/lib/atom_communication
writing list of installed files to '/home/toor/Desktop/atom_ws/build/atom_communication/install.log'
