[0.942s] Invoking command in '/home/toor/Desktop/atom_ws/src/atom_communication': PYTHONPATH=/home/toor/Desktop/atom_ws/build/atom_communication/prefix_override:/home/toor/Desktop/atom_ws/install/atom_communication/lib/python3.6/site-packages:${PYTHONPATH} /usr/bin/python3 setup.py egg_info --egg-base ../../build/atom_communication build --build-base /home/toor/Desktop/atom_ws/build/atom_communication/build install --record /home/toor/Desktop/atom_ws/build/atom_communication/install.log --single-version-externally-managed
[1.118s] running egg_info
[1.119s] writing ../../build/atom_communication/atom_communication.egg-info/PKG-INFO
[1.120s] writing dependency_links to ../../build/atom_communication/atom_communication.egg-info/dependency_links.txt
[1.120s] writing entry points to ../../build/atom_communication/atom_communication.egg-info/entry_points.txt
[1.120s] writing requirements to ../../build/atom_communication/atom_communication.egg-info/requires.txt
[1.120s] writing top-level names to ../../build/atom_communication/atom_communication.egg-info/top_level.txt
[1.153s] reading manifest file '../../build/atom_communication/atom_communication.egg-info/SOURCES.txt'
[1.154s] writing manifest file '../../build/atom_communication/atom_communication.egg-info/SOURCES.txt'
[1.154s] running build
[1.154s] running build_py
[1.154s] running install
[1.154s] running install_lib
[1.156s] running install_data
[1.156s] running install_egg_info
[1.158s] removing '/home/toor/Desktop/atom_ws/install/atom_communication/lib/python3.6/site-packages/atom_communication-0.0.0-py3.6.egg-info' (and everything under it)
[1.158s] Copying ../../build/atom_communication/atom_communication.egg-info to /home/toor/Desktop/atom_ws/install/atom_communication/lib/python3.6/site-packages/atom_communication-0.0.0-py3.6.egg-info
[1.158s] running install_scripts
[1.175s] Installing tcp_servernode script to /home/toor/Desktop/atom_ws/install/atom_communication/lib/atom_communication
[1.175s] writing list of installed files to '/home/toor/Desktop/atom_ws/build/atom_communication/install.log'
[1.212s] Invoked command in '/home/toor/Desktop/atom_ws/src/atom_communication' returned '0': PYTHONPATH=/home/toor/Desktop/atom_ws/build/atom_communication/prefix_override:/home/toor/Desktop/atom_ws/install/atom_communication/lib/python3.6/site-packages:${PYTHONPATH} /usr/bin/python3 setup.py egg_info --egg-base ../../build/atom_communication build --build-base /home/toor/Desktop/atom_ws/build/atom_communication/build install --record /home/toor/Desktop/atom_ws/build/atom_communication/install.log --single-version-externally-managed
