[0.950s] Invoking command in '/home/toor/Desktop/atom_ws/src/atom_inference': PYTHONPATH=/home/toor/Desktop/atom_ws/build/atom_inference/prefix_override:/home/toor/Desktop/atom_ws/install/atom_inference/lib/python3.6/site-packages:${PYTHONPATH} /usr/bin/python3 setup.py egg_info --egg-base ../../build/atom_inference build --build-base /home/toor/Desktop/atom_ws/build/atom_inference/build install --record /home/toor/Desktop/atom_ws/build/atom_inference/install.log --install-scripts $base/lib/atom_inference --single-version-externally-managed
[1.132s] running egg_info
[1.133s] writing ../../build/atom_inference/atom_inference.egg-info/PKG-INFO
[1.133s] writing dependency_links to ../../build/atom_inference/atom_inference.egg-info/dependency_links.txt
[1.133s] writing entry points to ../../build/atom_inference/atom_inference.egg-info/entry_points.txt
[1.133s] writing requirements to ../../build/atom_inference/atom_inference.egg-info/requires.txt
[1.133s] writing top-level names to ../../build/atom_inference/atom_inference.egg-info/top_level.txt
[1.166s] reading manifest file '../../build/atom_inference/atom_inference.egg-info/SOURCES.txt'
[1.168s] writing manifest file '../../build/atom_inference/atom_inference.egg-info/SOURCES.txt'
[1.168s] running build
[1.168s] running build_py
[1.169s] running install
[1.169s] running install_lib
[1.170s] running install_data
[1.170s] running install_egg_info
[1.171s] removing '/home/toor/Desktop/atom_ws/install/atom_inference/lib/python3.6/site-packages/atom_inference-0.0.0-py3.6.egg-info' (and everything under it)
[1.172s] Copying ../../build/atom_inference/atom_inference.egg-info to /home/toor/Desktop/atom_ws/install/atom_inference/lib/python3.6/site-packages/atom_inference-0.0.0-py3.6.egg-info
[1.172s] running install_scripts
[1.189s] Installing inference_node script to /home/toor/Desktop/atom_ws/install/atom_inference/lib/atom_inference
[1.190s] writing list of installed files to '/home/toor/Desktop/atom_ws/build/atom_inference/install.log'
[1.235s] Invoked command in '/home/toor/Desktop/atom_ws/src/atom_inference' returned '0': PYTHONPATH=/home/toor/Desktop/atom_ws/build/atom_inference/prefix_override:/home/toor/Desktop/atom_ws/install/atom_inference/lib/python3.6/site-packages:${PYTHONPATH} /usr/bin/python3 setup.py egg_info --egg-base ../../build/atom_inference build --build-base /home/toor/Desktop/atom_ws/build/atom_inference/build install --record /home/toor/Desktop/atom_ws/build/atom_inference/install.log --install-scripts $base/lib/atom_inference --single-version-externally-managed
