[0.252s] DEBUG:colcon:Command line arguments: ['/usr/bin/colcon', 'build']
[0.252s] DEBUG:colcon:Parsed command line arguments: Namespace(allow_overriding=[], ament_cmake_args=None, base_paths=['.'], build_base='build', catkin_cmake_args=None, catkin_skip_building_tests=False, cmake_args=None, cmake_clean_cache=False, cmake_clean_first=False, cmake_force_configure=False, cmake_target=None, cmake_target_skip_unavailable=False, continue_on_error=False, event_handlers=None, executor='parallel', ignore_user_meta=False, install_base='install', log_base=None, log_level=None, main=<bound method BuildVerb.main of <colcon_core.verb.build.BuildVerb object at 0x7f6c362b2780>>, merge_install=False, metas=['./colcon.meta'], packages_above=None, packages_above_and_dependencies=None, packages_above_depth=None, packages_end=None, packages_ignore=None, packages_ignore_regex=None, packages_select=None, packages_select_build_failed=False, packages_select_by_dep=None, packages_select_regex=None, packages_select_test_failures=False, packages_skip=None, packages_skip_build_finished=False, packages_skip_by_dep=None, packages_skip_regex=None, packages_skip_test_passed=False, packages_skip_up_to=None, packages_start=None, packages_up_to=None, packages_up_to_regex=None, parallel_workers=8, paths=None, symlink_install=False, test_result_base=None, verb_extension=<colcon_core.verb.build.BuildVerb object at 0x7f6c362b2780>, verb_name='build', verb_parser=<colcon_defaults.argument_parser.defaults.DefaultArgumentsDecorator object at 0x7f6c362b2ac8>)
[0.271s] Level 1:colcon.colcon_core.package_discovery:discover_packages(colcon_meta) check parameters
[0.271s] Level 1:colcon.colcon_core.package_discovery:discover_packages(recursive) check parameters
[0.272s] Level 1:colcon.colcon_core.package_discovery:discover_packages(ignore) check parameters
[0.272s] Level 1:colcon.colcon_core.package_discovery:discover_packages(path) check parameters
[0.272s] Level 1:colcon.colcon_core.package_discovery:discover_packages(colcon_meta) discover
[0.272s] Level 1:colcon.colcon_core.package_discovery:discover_packages(recursive) discover
[0.272s] INFO:colcon.colcon_core.package_discovery:Crawling recursively for packages in '/home/toor/Desktop/atom_ws'
[0.272s] Level 1:colcon.colcon_core.package_identification:_identify(.) by extensions ['ignore', 'ignore_ament_install']
[0.272s] Level 1:colcon.colcon_core.package_identification:_identify(.) by extension 'ignore'
[0.272s] Level 1:colcon.colcon_core.package_identification:_identify(.) by extension 'ignore_ament_install'
[0.272s] Level 1:colcon.colcon_core.package_identification:_identify(.) by extensions ['colcon_pkg']
[0.272s] Level 1:colcon.colcon_core.package_identification:_identify(.) by extension 'colcon_pkg'
[0.273s] Level 1:colcon.colcon_core.package_identification:_identify(.) by extensions ['colcon_meta']
[0.273s] Level 1:colcon.colcon_core.package_identification:_identify(.) by extension 'colcon_meta'
[0.273s] Level 1:colcon.colcon_core.package_identification:_identify(.) by extensions ['ros']
[0.273s] Level 1:colcon.colcon_core.package_identification:_identify(.) by extension 'ros'
[0.283s] Level 1:colcon.colcon_core.package_identification:_identify(.) by extensions ['cmake', 'python']
[0.283s] Level 1:colcon.colcon_core.package_identification:_identify(.) by extension 'cmake'
[0.283s] Level 1:colcon.colcon_core.package_identification:_identify(.) by extension 'python'
[0.284s] Level 1:colcon.colcon_core.package_identification:_identify(.) by extensions ['python_setup_py']
[0.284s] Level 1:colcon.colcon_core.package_identification:_identify(.) by extension 'python_setup_py'
[0.284s] Level 1:colcon.colcon_core.package_identification:_identify(build) by extensions ['ignore', 'ignore_ament_install']
[0.284s] Level 1:colcon.colcon_core.package_identification:_identify(build) by extension 'ignore'
[0.284s] Level 1:colcon.colcon_core.package_identification:_identify(build) ignored
[0.284s] Level 1:colcon.colcon_core.package_identification:_identify(install) by extensions ['ignore', 'ignore_ament_install']
[0.284s] Level 1:colcon.colcon_core.package_identification:_identify(install) by extension 'ignore'
[0.284s] Level 1:colcon.colcon_core.package_identification:_identify(install) ignored
[0.284s] Level 1:colcon.colcon_core.package_identification:_identify(log) by extensions ['ignore', 'ignore_ament_install']
[0.284s] Level 1:colcon.colcon_core.package_identification:_identify(log) by extension 'ignore'
[0.284s] Level 1:colcon.colcon_core.package_identification:_identify(log) ignored
[0.285s] Level 1:colcon.colcon_core.package_identification:_identify(src) by extensions ['ignore', 'ignore_ament_install']
[0.285s] Level 1:colcon.colcon_core.package_identification:_identify(src) by extension 'ignore'
[0.285s] Level 1:colcon.colcon_core.package_identification:_identify(src) by extension 'ignore_ament_install'
[0.285s] Level 1:colcon.colcon_core.package_identification:_identify(src) by extensions ['colcon_pkg']
[0.285s] Level 1:colcon.colcon_core.package_identification:_identify(src) by extension 'colcon_pkg'
[0.285s] Level 1:colcon.colcon_core.package_identification:_identify(src) by extensions ['colcon_meta']
[0.285s] Level 1:colcon.colcon_core.package_identification:_identify(src) by extension 'colcon_meta'
[0.285s] Level 1:colcon.colcon_core.package_identification:_identify(src) by extensions ['ros']
[0.285s] Level 1:colcon.colcon_core.package_identification:_identify(src) by extension 'ros'
[0.285s] Level 1:colcon.colcon_core.package_identification:_identify(src) by extensions ['cmake', 'python']
[0.285s] Level 1:colcon.colcon_core.package_identification:_identify(src) by extension 'cmake'
[0.285s] Level 1:colcon.colcon_core.package_identification:_identify(src) by extension 'python'
[0.285s] Level 1:colcon.colcon_core.package_identification:_identify(src) by extensions ['python_setup_py']
[0.285s] Level 1:colcon.colcon_core.package_identification:_identify(src) by extension 'python_setup_py'
[0.285s] Level 1:colcon.colcon_core.package_identification:_identify(src/atom_communication) by extensions ['ignore', 'ignore_ament_install']
[0.285s] Level 1:colcon.colcon_core.package_identification:_identify(src/atom_communication) by extension 'ignore'
[0.285s] Level 1:colcon.colcon_core.package_identification:_identify(src/atom_communication) by extension 'ignore_ament_install'
[0.285s] Level 1:colcon.colcon_core.package_identification:_identify(src/atom_communication) by extensions ['colcon_pkg']
[0.285s] Level 1:colcon.colcon_core.package_identification:_identify(src/atom_communication) by extension 'colcon_pkg'
[0.286s] Level 1:colcon.colcon_core.package_identification:_identify(src/atom_communication) by extensions ['colcon_meta']
[0.286s] Level 1:colcon.colcon_core.package_identification:_identify(src/atom_communication) by extension 'colcon_meta'
[0.286s] Level 1:colcon.colcon_core.package_identification:_identify(src/atom_communication) by extensions ['ros']
[0.286s] Level 1:colcon.colcon_core.package_identification:_identify(src/atom_communication) by extension 'ros'
[0.288s] DEBUG:colcon.colcon_core.package_identification:Package 'src/atom_communication' with type 'ros.ament_python' and name 'atom_communication'
[0.288s] Level 1:colcon.colcon_core.package_identification:_identify(src/atom_inference) by extensions ['ignore', 'ignore_ament_install']
[0.288s] Level 1:colcon.colcon_core.package_identification:_identify(src/atom_inference) by extension 'ignore'
[0.288s] Level 1:colcon.colcon_core.package_identification:_identify(src/atom_inference) by extension 'ignore_ament_install'
[0.288s] Level 1:colcon.colcon_core.package_identification:_identify(src/atom_inference) by extensions ['colcon_pkg']
[0.288s] Level 1:colcon.colcon_core.package_identification:_identify(src/atom_inference) by extension 'colcon_pkg'
[0.288s] Level 1:colcon.colcon_core.package_identification:_identify(src/atom_inference) by extensions ['colcon_meta']
[0.288s] Level 1:colcon.colcon_core.package_identification:_identify(src/atom_inference) by extension 'colcon_meta'
[0.288s] Level 1:colcon.colcon_core.package_identification:_identify(src/atom_inference) by extensions ['ros']
[0.288s] Level 1:colcon.colcon_core.package_identification:_identify(src/atom_inference) by extension 'ros'
[0.289s] DEBUG:colcon.colcon_core.package_identification:Package 'src/atom_inference' with type 'ros.ament_python' and name 'atom_inference'
[0.289s] Level 1:colcon.colcon_core.package_identification:_identify(src/atom_test) by extensions ['ignore', 'ignore_ament_install']
[0.289s] Level 1:colcon.colcon_core.package_identification:_identify(src/atom_test) by extension 'ignore'
[0.289s] Level 1:colcon.colcon_core.package_identification:_identify(src/atom_test) by extension 'ignore_ament_install'
[0.289s] Level 1:colcon.colcon_core.package_identification:_identify(src/atom_test) by extensions ['colcon_pkg']
[0.289s] Level 1:colcon.colcon_core.package_identification:_identify(src/atom_test) by extension 'colcon_pkg'
[0.289s] Level 1:colcon.colcon_core.package_identification:_identify(src/atom_test) by extensions ['colcon_meta']
[0.289s] Level 1:colcon.colcon_core.package_identification:_identify(src/atom_test) by extension 'colcon_meta'
[0.289s] Level 1:colcon.colcon_core.package_identification:_identify(src/atom_test) by extensions ['ros']
[0.290s] Level 1:colcon.colcon_core.package_identification:_identify(src/atom_test) by extension 'ros'
[0.290s] DEBUG:colcon.colcon_core.package_identification:Package 'src/atom_test' with type 'ros.ament_python' and name 'atom_test'
[0.290s] Level 1:colcon.colcon_core.package_discovery:discover_packages(recursive) using defaults
[0.290s] Level 1:colcon.colcon_core.package_discovery:discover_packages(ignore) discover
[0.290s] Level 1:colcon.colcon_core.package_discovery:discover_packages(ignore) using defaults
[0.290s] Level 1:colcon.colcon_core.package_discovery:discover_packages(path) discover
[0.290s] Level 1:colcon.colcon_core.package_discovery:discover_packages(path) using defaults
[0.307s] Level 1:colcon.colcon_core.package_discovery:discover_packages(prefix_path) check parameters
[0.307s] Level 1:colcon.colcon_core.package_discovery:discover_packages(prefix_path) discover
[0.308s] DEBUG:colcon.colcon_installed_package_information.package_discovery:Found 3 installed packages in /home/toor/Desktop/atom_ws/install
[0.310s] DEBUG:colcon.colcon_installed_package_information.package_discovery:Found 215 installed packages in /opt/ros/dashing
[0.327s] Level 1:colcon.colcon_core.package_discovery:discover_packages(prefix_path) using defaults
[0.380s] Level 5:colcon.colcon_core.verb:set package 'atom_communication' build argument 'cmake_args' from command line to 'None'
[0.380s] Level 5:colcon.colcon_core.verb:set package 'atom_communication' build argument 'cmake_target' from command line to 'None'
[0.380s] Level 5:colcon.colcon_core.verb:set package 'atom_communication' build argument 'cmake_target_skip_unavailable' from command line to 'False'
[0.380s] Level 5:colcon.colcon_core.verb:set package 'atom_communication' build argument 'cmake_clean_cache' from command line to 'False'
[0.380s] Level 5:colcon.colcon_core.verb:set package 'atom_communication' build argument 'cmake_clean_first' from command line to 'False'
[0.380s] Level 5:colcon.colcon_core.verb:set package 'atom_communication' build argument 'cmake_force_configure' from command line to 'False'
[0.380s] Level 5:colcon.colcon_core.verb:set package 'atom_communication' build argument 'ament_cmake_args' from command line to 'None'
[0.381s] Level 5:colcon.colcon_core.verb:set package 'atom_communication' build argument 'catkin_cmake_args' from command line to 'None'
[0.381s] Level 5:colcon.colcon_core.verb:set package 'atom_communication' build argument 'catkin_skip_building_tests' from command line to 'False'
[0.381s] DEBUG:colcon.colcon_core.verb:Building package 'atom_communication' with the following arguments: {'ament_cmake_args': None, 'build_base': '/home/toor/Desktop/atom_ws/build/atom_communication', 'catkin_cmake_args': None, 'catkin_skip_building_tests': False, 'cmake_args': None, 'cmake_clean_cache': False, 'cmake_clean_first': False, 'cmake_force_configure': False, 'cmake_target': None, 'cmake_target_skip_unavailable': False, 'install_base': '/home/toor/Desktop/atom_ws/install/atom_communication', 'merge_install': False, 'path': '/home/toor/Desktop/atom_ws/src/atom_communication', 'symlink_install': False, 'test_result_base': None}
[0.381s] Level 5:colcon.colcon_core.verb:set package 'atom_inference' build argument 'cmake_args' from command line to 'None'
[0.381s] Level 5:colcon.colcon_core.verb:set package 'atom_inference' build argument 'cmake_target' from command line to 'None'
[0.381s] Level 5:colcon.colcon_core.verb:set package 'atom_inference' build argument 'cmake_target_skip_unavailable' from command line to 'False'
[0.381s] Level 5:colcon.colcon_core.verb:set package 'atom_inference' build argument 'cmake_clean_cache' from command line to 'False'
[0.381s] Level 5:colcon.colcon_core.verb:set package 'atom_inference' build argument 'cmake_clean_first' from command line to 'False'
[0.381s] Level 5:colcon.colcon_core.verb:set package 'atom_inference' build argument 'cmake_force_configure' from command line to 'False'
[0.381s] Level 5:colcon.colcon_core.verb:set package 'atom_inference' build argument 'ament_cmake_args' from command line to 'None'
[0.381s] Level 5:colcon.colcon_core.verb:set package 'atom_inference' build argument 'catkin_cmake_args' from command line to 'None'
[0.381s] Level 5:colcon.colcon_core.verb:set package 'atom_inference' build argument 'catkin_skip_building_tests' from command line to 'False'
[0.382s] DEBUG:colcon.colcon_core.verb:Building package 'atom_inference' with the following arguments: {'ament_cmake_args': None, 'build_base': '/home/toor/Desktop/atom_ws/build/atom_inference', 'catkin_cmake_args': None, 'catkin_skip_building_tests': False, 'cmake_args': None, 'cmake_clean_cache': False, 'cmake_clean_first': False, 'cmake_force_configure': False, 'cmake_target': None, 'cmake_target_skip_unavailable': False, 'install_base': '/home/toor/Desktop/atom_ws/install/atom_inference', 'merge_install': False, 'path': '/home/toor/Desktop/atom_ws/src/atom_inference', 'symlink_install': False, 'test_result_base': None}
[0.382s] Level 5:colcon.colcon_core.verb:set package 'atom_test' build argument 'cmake_args' from command line to 'None'
[0.382s] Level 5:colcon.colcon_core.verb:set package 'atom_test' build argument 'cmake_target' from command line to 'None'
[0.382s] Level 5:colcon.colcon_core.verb:set package 'atom_test' build argument 'cmake_target_skip_unavailable' from command line to 'False'
[0.382s] Level 5:colcon.colcon_core.verb:set package 'atom_test' build argument 'cmake_clean_cache' from command line to 'False'
[0.382s] Level 5:colcon.colcon_core.verb:set package 'atom_test' build argument 'cmake_clean_first' from command line to 'False'
[0.382s] Level 5:colcon.colcon_core.verb:set package 'atom_test' build argument 'cmake_force_configure' from command line to 'False'
[0.382s] Level 5:colcon.colcon_core.verb:set package 'atom_test' build argument 'ament_cmake_args' from command line to 'None'
[0.382s] Level 5:colcon.colcon_core.verb:set package 'atom_test' build argument 'catkin_cmake_args' from command line to 'None'
[0.382s] Level 5:colcon.colcon_core.verb:set package 'atom_test' build argument 'catkin_skip_building_tests' from command line to 'False'
[0.382s] DEBUG:colcon.colcon_core.verb:Building package 'atom_test' with the following arguments: {'ament_cmake_args': None, 'build_base': '/home/toor/Desktop/atom_ws/build/atom_test', 'catkin_cmake_args': None, 'catkin_skip_building_tests': False, 'cmake_args': None, 'cmake_clean_cache': False, 'cmake_clean_first': False, 'cmake_force_configure': False, 'cmake_target': None, 'cmake_target_skip_unavailable': False, 'install_base': '/home/toor/Desktop/atom_ws/install/atom_test', 'merge_install': False, 'path': '/home/toor/Desktop/atom_ws/src/atom_test', 'symlink_install': False, 'test_result_base': None}
[0.383s] INFO:colcon.colcon_core.executor:Executing jobs using 'parallel' executor
[0.383s] DEBUG:colcon.colcon_parallel_executor.executor.parallel:run_until_complete
[0.384s] INFO:colcon.colcon_ros.task.ament_python.build:Building ROS package in '/home/toor/Desktop/atom_ws/src/atom_communication' with build type 'ament_python'
[0.384s] Level 1:colcon.colcon_core.shell:create_environment_hook('atom_communication', 'ament_prefix_path')
[0.386s] INFO:colcon.colcon_core.plugin_system:Skipping extension 'colcon_core.shell.bat': Not used on non-Windows systems
[0.386s] INFO:colcon.colcon_core.shell:Creating environment hook '/home/toor/Desktop/atom_ws/install/atom_communication/share/atom_communication/hook/ament_prefix_path.ps1'
[0.387s] INFO:colcon.colcon_core.shell:Creating environment descriptor '/home/toor/Desktop/atom_ws/install/atom_communication/share/atom_communication/hook/ament_prefix_path.dsv'
[0.387s] INFO:colcon.colcon_core.shell:Creating environment hook '/home/toor/Desktop/atom_ws/install/atom_communication/share/atom_communication/hook/ament_prefix_path.sh'
[0.388s] INFO:colcon.colcon_core.shell:Skip shell extension 'powershell' for command environment: Not usable outside of PowerShell
[0.388s] DEBUG:colcon.colcon_core.shell:Skip shell extension 'dsv' for command environment
[0.392s] INFO:colcon.colcon_ros.task.ament_python.build:Building ROS package in '/home/toor/Desktop/atom_ws/src/atom_inference' with build type 'ament_python'
[0.392s] Level 1:colcon.colcon_core.shell:create_environment_hook('atom_inference', 'ament_prefix_path')
[0.392s] INFO:colcon.colcon_core.shell:Creating environment hook '/home/toor/Desktop/atom_ws/install/atom_inference/share/atom_inference/hook/ament_prefix_path.ps1'
[0.393s] INFO:colcon.colcon_core.shell:Creating environment descriptor '/home/toor/Desktop/atom_ws/install/atom_inference/share/atom_inference/hook/ament_prefix_path.dsv'
[0.393s] INFO:colcon.colcon_core.shell:Creating environment hook '/home/toor/Desktop/atom_ws/install/atom_inference/share/atom_inference/hook/ament_prefix_path.sh'
[0.394s] INFO:colcon.colcon_core.shell:Skip shell extension 'powershell' for command environment: Not usable outside of PowerShell
[0.394s] DEBUG:colcon.colcon_core.shell:Skip shell extension 'dsv' for command environment
[0.397s] INFO:colcon.colcon_ros.task.ament_python.build:Building ROS package in '/home/toor/Desktop/atom_ws/src/atom_test' with build type 'ament_python'
[0.397s] Level 1:colcon.colcon_core.shell:create_environment_hook('atom_test', 'ament_prefix_path')
[0.398s] INFO:colcon.colcon_core.shell:Creating environment hook '/home/toor/Desktop/atom_ws/install/atom_test/share/atom_test/hook/ament_prefix_path.ps1'
[0.399s] INFO:colcon.colcon_core.shell:Creating environment descriptor '/home/toor/Desktop/atom_ws/install/atom_test/share/atom_test/hook/ament_prefix_path.dsv'
[0.399s] INFO:colcon.colcon_core.shell:Creating environment hook '/home/toor/Desktop/atom_ws/install/atom_test/share/atom_test/hook/ament_prefix_path.sh'
[0.400s] INFO:colcon.colcon_core.shell:Skip shell extension 'powershell' for command environment: Not usable outside of PowerShell
[0.400s] DEBUG:colcon.colcon_core.shell:Skip shell extension 'dsv' for command environment
[0.596s] INFO:colcon.colcon_core.task.python.build:Building Python package in '/home/toor/Desktop/atom_ws/src/atom_communication'
[0.597s] INFO:colcon.colcon_core.shell:Skip shell extension 'powershell' for command environment: Not usable outside of PowerShell
[0.597s] DEBUG:colcon.colcon_core.shell:Skip shell extension 'dsv' for command environment
[0.788s] INFO:colcon.colcon_core.task.python.build:Building Python package in '/home/toor/Desktop/atom_ws/src/atom_inference'
[0.789s] INFO:colcon.colcon_core.shell:Skip shell extension 'powershell' for command environment: Not usable outside of PowerShell
[0.789s] DEBUG:colcon.colcon_core.shell:Skip shell extension 'dsv' for command environment
[0.987s] INFO:colcon.colcon_core.task.python.build:Building Python package in '/home/toor/Desktop/atom_ws/src/atom_test'
[0.988s] INFO:colcon.colcon_core.shell:Skip shell extension 'powershell' for command environment: Not usable outside of PowerShell
[0.988s] DEBUG:colcon.colcon_core.shell:Skip shell extension 'dsv' for command environment
[1.334s] DEBUG:colcon.colcon_core.event_handler.log_command:Invoking command in '/home/toor/Desktop/atom_ws/src/atom_communication': PYTHONPATH=/home/toor/Desktop/atom_ws/build/atom_communication/prefix_override:/home/toor/Desktop/atom_ws/install/atom_communication/lib/python3.6/site-packages:${PYTHONPATH} /usr/bin/python3 setup.py egg_info --egg-base ../../build/atom_communication build --build-base /home/toor/Desktop/atom_ws/build/atom_communication/build install --record /home/toor/Desktop/atom_ws/build/atom_communication/install.log --single-version-externally-managed
[1.340s] DEBUG:colcon.colcon_core.event_handler.log_command:Invoking command in '/home/toor/Desktop/atom_ws/src/atom_test': PYTHONPATH=/home/toor/Desktop/atom_ws/build/atom_test/prefix_override:/home/toor/Desktop/atom_ws/install/atom_test/lib/python3.6/site-packages:${PYTHONPATH} /usr/bin/python3 setup.py egg_info --egg-base ../../build/atom_test build --build-base /home/toor/Desktop/atom_ws/build/atom_test/build install --record /home/toor/Desktop/atom_ws/build/atom_test/install.log --single-version-externally-managed
[1.343s] DEBUG:colcon.colcon_core.event_handler.log_command:Invoking command in '/home/toor/Desktop/atom_ws/src/atom_inference': PYTHONPATH=/home/toor/Desktop/atom_ws/build/atom_inference/prefix_override:/home/toor/Desktop/atom_ws/install/atom_inference/lib/python3.6/site-packages:${PYTHONPATH} /usr/bin/python3 setup.py egg_info --egg-base ../../build/atom_inference build --build-base /home/toor/Desktop/atom_ws/build/atom_inference/build install --record /home/toor/Desktop/atom_ws/build/atom_inference/install.log --install-scripts $base/lib/atom_inference --single-version-externally-managed
[1.607s] DEBUG:colcon.colcon_core.event_handler.log_command:Invoked command in '/home/toor/Desktop/atom_ws/src/atom_communication' returned '0': PYTHONPATH=/home/toor/Desktop/atom_ws/build/atom_communication/prefix_override:/home/toor/Desktop/atom_ws/install/atom_communication/lib/python3.6/site-packages:${PYTHONPATH} /usr/bin/python3 setup.py egg_info --egg-base ../../build/atom_communication build --build-base /home/toor/Desktop/atom_ws/build/atom_communication/build install --record /home/toor/Desktop/atom_ws/build/atom_communication/install.log --single-version-externally-managed
[1.609s] Level 1:colcon.colcon_core.environment:checking '/home/toor/Desktop/atom_ws/install/atom_communication' for CMake module files
[1.610s] Level 1:colcon.colcon_core.environment:checking '/home/toor/Desktop/atom_ws/install/atom_communication' for CMake config files
[1.611s] Level 1:colcon.colcon_core.environment:checking '/home/toor/Desktop/atom_ws/install/atom_communication/lib'
[1.611s] Level 1:colcon.colcon_core.environment:checking '/home/toor/Desktop/atom_ws/install/atom_communication/bin'
[1.612s] Level 1:colcon.colcon_core.environment:checking '/home/toor/Desktop/atom_ws/install/atom_communication/lib/pkgconfig/atom_communication.pc'
[1.612s] Level 1:colcon.colcon_core.environment:checking '/home/toor/Desktop/atom_ws/install/atom_communication/lib/python3.6/site-packages'
[1.612s] Level 1:colcon.colcon_core.shell:create_environment_hook('atom_communication', 'pythonpath')
[1.612s] INFO:colcon.colcon_core.shell:Creating environment hook '/home/toor/Desktop/atom_ws/install/atom_communication/share/atom_communication/hook/pythonpath.ps1'
[1.613s] INFO:colcon.colcon_core.shell:Creating environment descriptor '/home/toor/Desktop/atom_ws/install/atom_communication/share/atom_communication/hook/pythonpath.dsv'
[1.613s] INFO:colcon.colcon_core.shell:Creating environment hook '/home/toor/Desktop/atom_ws/install/atom_communication/share/atom_communication/hook/pythonpath.sh'
[1.613s] Level 1:colcon.colcon_core.environment:checking '/home/toor/Desktop/atom_ws/install/atom_communication/bin'
[1.614s] Level 1:colcon.colcon_core.environment:create_environment_scripts_only(atom_communication)
[1.614s] INFO:colcon.colcon_core.shell:Creating package script '/home/toor/Desktop/atom_ws/install/atom_communication/share/atom_communication/package.ps1'
[1.616s] INFO:colcon.colcon_core.shell:Creating package descriptor '/home/toor/Desktop/atom_ws/install/atom_communication/share/atom_communication/package.dsv'
[1.616s] INFO:colcon.colcon_core.shell:Creating package script '/home/toor/Desktop/atom_ws/install/atom_communication/share/atom_communication/package.sh'
[1.617s] INFO:colcon.colcon_core.shell:Creating package script '/home/toor/Desktop/atom_ws/install/atom_communication/share/atom_communication/package.bash'
[1.618s] INFO:colcon.colcon_core.shell:Creating package script '/home/toor/Desktop/atom_ws/install/atom_communication/share/atom_communication/package.zsh'
[1.619s] Level 1:colcon.colcon_core.environment:create_file_with_runtime_dependencies(/home/toor/Desktop/atom_ws/install/atom_communication/share/colcon-core/packages/atom_communication)
[1.621s] Level 1:colcon.colcon_core.environment:checking '/home/toor/Desktop/atom_ws/install/atom_test' for CMake module files
[1.621s] DEBUG:colcon.colcon_core.event_handler.log_command:Invoked command in '/home/toor/Desktop/atom_ws/src/atom_test' returned '0': PYTHONPATH=/home/toor/Desktop/atom_ws/build/atom_test/prefix_override:/home/toor/Desktop/atom_ws/install/atom_test/lib/python3.6/site-packages:${PYTHONPATH} /usr/bin/python3 setup.py egg_info --egg-base ../../build/atom_test build --build-base /home/toor/Desktop/atom_ws/build/atom_test/build install --record /home/toor/Desktop/atom_ws/build/atom_test/install.log --single-version-externally-managed
[1.621s] Level 1:colcon.colcon_core.environment:checking '/home/toor/Desktop/atom_ws/install/atom_test' for CMake config files
[1.622s] Level 1:colcon.colcon_core.environment:checking '/home/toor/Desktop/atom_ws/install/atom_test/lib'
[1.622s] Level 1:colcon.colcon_core.environment:checking '/home/toor/Desktop/atom_ws/install/atom_test/bin'
[1.622s] Level 1:colcon.colcon_core.environment:checking '/home/toor/Desktop/atom_ws/install/atom_test/lib/pkgconfig/atom_test.pc'
[1.622s] Level 1:colcon.colcon_core.environment:checking '/home/toor/Desktop/atom_ws/install/atom_test/lib/python3.6/site-packages'
[1.622s] Level 1:colcon.colcon_core.shell:create_environment_hook('atom_test', 'pythonpath')
[1.623s] INFO:colcon.colcon_core.shell:Creating environment hook '/home/toor/Desktop/atom_ws/install/atom_test/share/atom_test/hook/pythonpath.ps1'
[1.623s] INFO:colcon.colcon_core.shell:Creating environment descriptor '/home/toor/Desktop/atom_ws/install/atom_test/share/atom_test/hook/pythonpath.dsv'
[1.623s] INFO:colcon.colcon_core.shell:Creating environment hook '/home/toor/Desktop/atom_ws/install/atom_test/share/atom_test/hook/pythonpath.sh'
[1.624s] Level 1:colcon.colcon_core.environment:checking '/home/toor/Desktop/atom_ws/install/atom_test/bin'
[1.624s] Level 1:colcon.colcon_core.environment:create_environment_scripts_only(atom_test)
[1.624s] INFO:colcon.colcon_core.shell:Creating package script '/home/toor/Desktop/atom_ws/install/atom_test/share/atom_test/package.ps1'
[1.624s] INFO:colcon.colcon_core.shell:Creating package descriptor '/home/toor/Desktop/atom_ws/install/atom_test/share/atom_test/package.dsv'
[1.625s] INFO:colcon.colcon_core.shell:Creating package script '/home/toor/Desktop/atom_ws/install/atom_test/share/atom_test/package.sh'
[1.625s] INFO:colcon.colcon_core.shell:Creating package script '/home/toor/Desktop/atom_ws/install/atom_test/share/atom_test/package.bash'
[1.625s] INFO:colcon.colcon_core.shell:Creating package script '/home/toor/Desktop/atom_ws/install/atom_test/share/atom_test/package.zsh'
[1.626s] Level 1:colcon.colcon_core.environment:create_file_with_runtime_dependencies(/home/toor/Desktop/atom_ws/install/atom_test/share/colcon-core/packages/atom_test)
[1.626s] Level 1:colcon.colcon_core.environment:checking '/home/toor/Desktop/atom_ws/install/atom_inference' for CMake module files
[1.627s] DEBUG:colcon.colcon_core.event_handler.log_command:Invoked command in '/home/toor/Desktop/atom_ws/src/atom_inference' returned '0': PYTHONPATH=/home/toor/Desktop/atom_ws/build/atom_inference/prefix_override:/home/toor/Desktop/atom_ws/install/atom_inference/lib/python3.6/site-packages:${PYTHONPATH} /usr/bin/python3 setup.py egg_info --egg-base ../../build/atom_inference build --build-base /home/toor/Desktop/atom_ws/build/atom_inference/build install --record /home/toor/Desktop/atom_ws/build/atom_inference/install.log --install-scripts $base/lib/atom_inference --single-version-externally-managed
[1.627s] Level 1:colcon.colcon_core.environment:checking '/home/toor/Desktop/atom_ws/install/atom_inference' for CMake config files
[1.628s] Level 1:colcon.colcon_core.environment:checking '/home/toor/Desktop/atom_ws/install/atom_inference/lib'
[1.628s] Level 1:colcon.colcon_core.environment:checking '/home/toor/Desktop/atom_ws/install/atom_inference/bin'
[1.628s] Level 1:colcon.colcon_core.environment:checking '/home/toor/Desktop/atom_ws/install/atom_inference/lib/pkgconfig/atom_inference.pc'
[1.628s] Level 1:colcon.colcon_core.environment:checking '/home/toor/Desktop/atom_ws/install/atom_inference/lib/python3.6/site-packages'
[1.628s] Level 1:colcon.colcon_core.shell:create_environment_hook('atom_inference', 'pythonpath')
[1.629s] INFO:colcon.colcon_core.shell:Creating environment hook '/home/toor/Desktop/atom_ws/install/atom_inference/share/atom_inference/hook/pythonpath.ps1'
[1.629s] INFO:colcon.colcon_core.shell:Creating environment descriptor '/home/toor/Desktop/atom_ws/install/atom_inference/share/atom_inference/hook/pythonpath.dsv'
[1.629s] INFO:colcon.colcon_core.shell:Creating environment hook '/home/toor/Desktop/atom_ws/install/atom_inference/share/atom_inference/hook/pythonpath.sh'
[1.630s] Level 1:colcon.colcon_core.environment:checking '/home/toor/Desktop/atom_ws/install/atom_inference/bin'
[1.630s] Level 1:colcon.colcon_core.environment:create_environment_scripts_only(atom_inference)
[1.630s] INFO:colcon.colcon_core.shell:Creating package script '/home/toor/Desktop/atom_ws/install/atom_inference/share/atom_inference/package.ps1'
[1.631s] INFO:colcon.colcon_core.shell:Creating package descriptor '/home/toor/Desktop/atom_ws/install/atom_inference/share/atom_inference/package.dsv'
[1.631s] INFO:colcon.colcon_core.shell:Creating package script '/home/toor/Desktop/atom_ws/install/atom_inference/share/atom_inference/package.sh'
[1.631s] INFO:colcon.colcon_core.shell:Creating package script '/home/toor/Desktop/atom_ws/install/atom_inference/share/atom_inference/package.bash'
[1.632s] INFO:colcon.colcon_core.shell:Creating package script '/home/toor/Desktop/atom_ws/install/atom_inference/share/atom_inference/package.zsh'
[1.632s] Level 1:colcon.colcon_core.environment:create_file_with_runtime_dependencies(/home/toor/Desktop/atom_ws/install/atom_inference/share/colcon-core/packages/atom_inference)
[1.632s] DEBUG:colcon.colcon_parallel_executor.executor.parallel:closing loop
[1.632s] DEBUG:colcon.colcon_parallel_executor.executor.parallel:loop closed
[1.633s] DEBUG:colcon.colcon_parallel_executor.executor.parallel:run_until_complete finished with '0'
[1.633s] DEBUG:colcon.colcon_core.event_reactor:joining thread
[1.638s] INFO:colcon.colcon_core.plugin_system:Skipping extension 'colcon_notification.desktop_notification.terminal_notifier': Not used on non-Darwin systems
[1.638s] INFO:colcon.colcon_core.plugin_system:Skipping extension 'colcon_notification.desktop_notification.win32': Not used on non-Windows systems
[1.638s] INFO:colcon.colcon_notification.desktop_notification:Sending desktop notification using 'notify2'
[1.641s] DEBUG:colcon.colcon_core.event_reactor:joined thread
[1.641s] INFO:colcon.colcon_core.shell:Creating prefix script '/home/toor/Desktop/atom_ws/install/local_setup.ps1'
[1.642s] INFO:colcon.colcon_core.shell:Creating prefix util module '/home/toor/Desktop/atom_ws/install/_local_setup_util_ps1.py'
[1.644s] INFO:colcon.colcon_core.shell:Creating prefix chain script '/home/toor/Desktop/atom_ws/install/setup.ps1'
[1.645s] INFO:colcon.colcon_core.shell:Creating prefix script '/home/toor/Desktop/atom_ws/install/local_setup.sh'
[1.646s] INFO:colcon.colcon_core.shell:Creating prefix util module '/home/toor/Desktop/atom_ws/install/_local_setup_util_sh.py'
[1.646s] INFO:colcon.colcon_core.shell:Creating prefix chain script '/home/toor/Desktop/atom_ws/install/setup.sh'
[1.648s] INFO:colcon.colcon_core.shell:Creating prefix script '/home/toor/Desktop/atom_ws/install/local_setup.bash'
[1.648s] INFO:colcon.colcon_core.shell:Creating prefix chain script '/home/toor/Desktop/atom_ws/install/setup.bash'
[1.649s] INFO:colcon.colcon_core.shell:Creating prefix script '/home/toor/Desktop/atom_ws/install/local_setup.zsh'
[1.650s] INFO:colcon.colcon_core.shell:Creating prefix chain script '/home/toor/Desktop/atom_ws/install/setup.zsh'
